[debug] [2021-12-30T20:15:49.848Z] ----------------------------------------------------------------------
[debug] [2021-12-30T20:15:49.893Z] Command:       C:\Program Files\nodejs\node.exe C:\Users\asamo\AppData\Roaming\npm\node_modules\firebase-tools\lib\bin\firebase.js init
[debug] [2021-12-30T20:15:49.894Z] CLI Version:   10.0.1
[debug] [2021-12-30T20:15:49.895Z] Platform:      win32
[debug] [2021-12-30T20:15:49.895Z] Node Version:  v14.18.0
[debug] [2021-12-30T20:15:50.156Z] Time:          Thu Dec 30 2021 20:15:49 GMT+0000 (Greenwich Mean Time)
[debug] [2021-12-30T20:15:50.156Z] ----------------------------------------------------------------------
[debug] 
[debug] [2021-12-30T20:15:50.352Z] > command requires scopes: ["email","openid","https://www.googleapis.com/auth/cloudplatformprojects.readonly","https://www.googleapis.com/auth/firebase","https://www.googleapis.com/auth/cloud-platform"]
[debug] [2021-12-30T20:15:50.353Z] > authorizing via signed-in user (debbiesoftwareengineering@gmail.com)
[info] 
     ######## #### ########  ######## ########     ###     ######  ########
     ##        ##  ##     ## ##       ##     ##  ##   ##  ##       ##
     ######    ##  ########  ######   ########  #########  ######  ######
     ##        ##  ##    ##  ##       ##     ## ##     ##       ## ##
     ##       #### ##     ## ######## ########  ##     ##  ######  ########

You're about to initialize a Firebase project in this directory:

  C:\Users\asamo\Desktop\new-ecom

Before we get started, keep in mind:

  * You are initializing within an existing Firebase project directory

